<?xml version="1.0" encoding="UTF-8"?>
<testsuite xmlns:xsi="http://www.w3.org/2001/XMLSchema-instance" xsi:noNamespaceSchemaLocation="https://maven.apache.org/surefire/maven-surefire-plugin/xsd/surefire-test-report-3.0.xsd" version="3.0" name="com.kq.gob.Gob.unittests.ParserTest" time="0.012" tests="6" errors="0" skipped="0" failures="0">
  <properties>
[...]
</properties>
  <testcase name="testPrint" classname="com.kq.gob.Gob.unittests.ParserTest" time="0.001"/>
  <testcase name="testArithmeticExpression" classname="com.kq.gob.Gob.unittests.ParserTest" time="0.001"/>
  <testcase name="testLogicalExpression" classname="com.kq.gob.Gob.unittests.ParserTest" time="0.001"/>
  <testcase name="testFunctionDeclaration" classname="com.kq.gob.Gob.unittests.ParserTest" time="0.001"/>
  <testcase name="testGroupingExpression" classname="com.kq.gob.Gob.unittests.ParserTest" time="0.0"/>
  <testcase name="testVariableDeclaration" classname="com.kq.gob.Gob.unittests.ParserTest" time="0.001">
    <system-out><![CDATA[com.kq.gob.Gob.Stmt$Var@702657cc
]]></system-out>
  </testcase>
</testsuite>